<?xml version="1.0" encoding="UTF-8"?>
<!-- Generated by org.testng.reporters.JUnitXMLReporter -->
<testsuite hostname="ReetuReddy" name="Default test" tests="6" failures="0" timestamp="17 Jul 2019 08:17:11 GMT" time="46.218" errors="0">
  <testcase name="validatePageTitle" time="0.056" classname="com.MercuryTour.Test.HomePageTest"/>
  <testcase name="validatePageURL" time="0.02" classname="com.MercuryTour.Test.HomePageTest"/>
  <testcase name="navigateFlightPage" time="1.076" classname="com.MercuryTour.Test.HomePageTest"/>
  <testcase name="navigateCruisePage" time="0.944" classname="com.MercuryTour.Test.HomePageTest"/>
  <testcase name="navigateSignOnPage" time="0.745" classname="com.MercuryTour.Test.HomePageTest"/>
  <testcase name="navigateRegisterPage" time="1.104" classname="com.MercuryTour.Test.HomePageTest"/>
</testsuite> <!-- Default test -->
